keys = { "Action" "bdown_turnright__transformTo_stype__bright" "OutcomeUncertaintyScore" "bandit_bullet__killBoth_scoreChange__1" "bright" "bleft_turndown__transformTo_stype__bdown" "OutcomeUncertaintyState" "EOS_missile_bullet__killSprite" "Convergence" "bdown" "Score" "bullet_wall__killSprite" "Decisiveness" "base_missile_bullet__killBoth" "missile" "bup_turnleft__transformTo_stype__bleft" "bup" "floor" "bullet" "bright_turnup__transformTo_stype__bup" "wall" "surround" "bleft" "base" };
Action.groupId = 1;
Action.data = [1.0 3.0 2.0 2.0 5.0 4.0 2.0 4.0 3.0 2.0 3.0 5.0 5.0 1.0 1.0 1.0 5.0 2.0 1.0 5.0 2.0 3.0 5.0 1.0 2.0 5.0 3.0 4.0 4.0 1.0 5.0 5.0 3.0 4.0 1.0 2.0 5.0 3.0 5.0 5.0 2.0 5.0 2.0 3.0 2.0 4.0 2.0 3.0 1.0 4.0 3.0 ];
bdown_turnright__transformTo_stype__bright.groupId = 6;
bdown_turnright__transformTo_stype__bright.data = [0.0 0.0 0.0 0.0 0.0 0.0 0.0 0.0 0.0 0.0 0.0 0.0 0.0 0.0 0.0 0.0 0.0 0.0 0.0 0.0 0.0 0.0 0.0 0.0 0.0 0.0 0.0 0.0 0.0 0.0 0.0 0.0 0.0 0.0 0.0 0.0 0.0 0.0 0.0 0.0 0.0 0.0 1.0 0.0 0.0 0.0 0.0 0.0 0.0 0.0 0.0 ];
OutcomeUncertaintyScore.groupId = 4;
OutcomeUncertaintyScore.data = [0.4716734178155153 0.8068947387749437 0.5816718657178868 0.7083211390478262 0.8068947387749437 0.4716734178155153 0.2863969571159562 0.9089460785096519 0.4716734178155153 0.6257309858938136 0.7799302846668992 0.5578578164321782 0.7497820113685953 0.46899559358928117 0.6098403047164005 0.5578578164321781 0.4716734178155153 0.2863969571159562 0.4716734178155153 0.2863969571159562 0.5816718657178868 0.6098403047164005 0.6650099119652508 0.2863969571159562 0.946394630357186 0.2863969571159562 0.3589962496465303 0.5816718657178868 0.2863969571159562 0.7298466991620975 0.6257309858938136 1.0 1.0 1.0 0.2863969571159562 1.0 1.0 1.0 1.0 1.0 1.0 1.0 1.0 1.0 1.0 1.0 1.0 1.0 1.0 1.0 1.0 ];
bandit_bullet__killBoth_scoreChange__1.groupId = 6;
bandit_bullet__killBoth_scoreChange__1.data = [0.0 0.0 0.0 0.0 0.0 0.0 0.0 0.0 0.0 0.0 0.0 0.0 0.0 0.0 0.0 0.0 0.0 0.0 0.0 0.0 0.0 0.0 0.0 0.0 0.0 0.0 0.0 0.0 0.0 0.0 0.0 0.0 0.0 1.0 0.0 0.0 0.0 0.0 0.0 0.0 0.0 0.0 0.0 0.0 0.0 0.0 0.0 0.0 0.0 0.0 0.0 ];
bright.groupId = 7;
bright.data = [0.0 3.0 3.0 3.0 3.0 3.0 3.0 3.0 3.0 3.0 3.0 3.0 3.0 3.0 3.0 3.0 3.0 3.0 3.0 3.0 3.0 3.0 3.0 3.0 3.0 3.0 3.0 3.0 3.0 3.0 3.0 3.0 3.0 3.0 3.0 3.0 3.0 3.0 3.0 3.0 3.0 3.0 3.0 3.0 3.0 3.0 3.0 3.0 3.0 3.0 3.0 3.0 ];
bleft_turndown__transformTo_stype__bdown.groupId = 6;
bleft_turndown__transformTo_stype__bdown.data = [0.0 0.0 0.0 0.0 0.0 0.0 0.0 0.0 0.0 0.0 0.0 0.0 0.0 0.0 0.0 0.0 0.0 0.0 0.0 0.0 0.0 0.0 0.0 0.0 0.0 0.0 0.0 0.0 0.0 0.0 0.0 0.0 0.0 0.0 0.0 0.0 1.0 0.0 0.0 0.0 0.0 0.0 0.0 0.0 0.0 0.0 0.0 0.0 0.0 0.0 0.0 ];
OutcomeUncertaintyState.groupId = 5;
OutcomeUncertaintyState.data = [1.0 1.0 1.0 1.0 1.0 1.0 1.0 1.0 1.0 1.0 1.0 1.0 1.0 1.0 1.0 1.0 1.0 1.0 1.0 1.0 1.0 1.0 1.0 1.0 1.0 1.0 1.0 1.0 1.0 1.0 1.0 1.0 1.0 1.0 1.0 1.0 1.0 1.0 1.0 1.0 1.0 1.0 1.0 1.0 1.0 1.0 1.0 1.0 1.0 1.0 1.0 ];
EOS_missile_bullet__killSprite.groupId = 6;
EOS_missile_bullet__killSprite.data = [0.0 0.0 0.0 0.0 0.0 0.0 0.0 0.0 0.0 0.0 0.0 0.0 0.0 0.0 0.0 0.0 0.0 0.0 0.0 0.0 0.0 0.0 0.0 0.0 0.0 0.0 0.0 0.0 0.0 0.0 0.0 0.0 0.0 0.0 0.0 1.0 0.0 0.0 0.0 0.0 0.0 0.0 0.0 0.0 0.0 0.0 0.0 0.0 0.0 0.0 0.0 ];
Convergence.groupId = 3;
Convergence.data = [0.0 0.0 0.0 0.0 0.0 0.0 0.0 0.0 0.0 0.0 0.0625 0.0 0.0 0.0 0.05263157894736842 0.0 0.0 0.058823529411764705 0.09090909090909091 0.047619047619047616 0.041666666666666664 0.0 0.5652173913043478 0.041666666666666664 0.08 0.0 0.0 0.043478260869565216 0.0 0.5833333333333334 0.9166666666666666 0.0 0.0 0.045454545454545456 0.0 0.0 0.0 0.08695652173913043 0.0 0.045454545454545456 0.0 0.13043478260869565 0.0 0.07692307692307693 0.1724137931034483 0.125 0.0 0.42857142857142855 0.0 0.38461538461538464 0.02127659574468085 ];
bdown.groupId = 7;
bdown.data = [0.0 1.0 1.0 1.0 1.0 1.0 1.0 1.0 1.0 1.0 1.0 1.0 1.0 1.0 1.0 1.0 1.0 1.0 1.0 1.0 1.0 1.0 1.0 1.0 1.0 1.0 1.0 1.0 1.0 1.0 1.0 1.0 1.0 1.0 1.0 1.0 1.0 2.0 2.0 2.0 2.0 2.0 2.0 1.0 1.0 1.0 1.0 1.0 1.0 1.0 1.0 1.0 ];
Score.groupId = 0;
Score.data = [0.0 0.0 0.0 0.0 0.0 0.0 0.0 0.0 0.0 0.0 0.0 0.0 0.0 0.0 0.0 0.0 0.0 0.0 0.0 0.0 0.0 0.0 0.0 0.0 0.0 0.0 0.0 0.0 0.0 0.0 0.0 0.0 0.0 1.0 1.0 1.0 1.0 1.0 1.0 1.0 1.0 1.0 1.0 1.0 1.0 1.0 1.0 1.0 1.0 1.0 1.0 ];
bullet_wall__killSprite.groupId = 6;
bullet_wall__killSprite.data = [0.0 0.0 0.0 0.0 0.0 0.0 0.0 0.0 0.0 0.0 0.0 0.0 0.0 0.0 0.0 0.0 0.0 0.0 0.0 0.0 1.0 0.0 0.0 0.0 0.0 0.0 0.0 0.0 0.0 0.0 0.0 0.0 0.0 0.0 0.0 0.0 0.0 0.0 0.0 0.0 0.0 0.0 0.0 0.0 0.0 0.0 0.0 0.0 0.0 0.0 0.0 ];
Decisiveness.groupId = 2;
Decisiveness.data = [0.7219280948873623 0.9709505944546688 0.9709505944546688 0.7219280948873623 1.0 0.7219280948873623 0.7219280948873623 0.7219280948873623 1.0 0.9709505944546688 0.7219280948873623 0.9709505944546688 0.7219280948873623 0.7219280948873623 0.7219280948873623 0.7219280948873623 0.9709505944546688 0.9709505944546688 0.9709505944546688 0.7219280948873623 0.7219280948873623 1.0 0.8649735207179272 0.9602297178607612 0.8649735207179272 0.7219280948873623 0.7219280948873623 0.8649735207179272 0.9709505944546688 0.7219280948873623 0.9609640474436812 0.9709505944546688 0.9709505944546688 0.9709505944546688 0.9709505944546688 0.9709505944546688 0.7219280948873623 0.9709505944546688 0.7219280948873623 0.9709505944546688 0.9709505944546688 0.8649735207179272 0.9709505944546688 0.9602297178607612 0.8649735207179272 0.9602297178607612 0.9602297178607612 0.8649735207179272 0.8649735207179272 0.9609640474436812 0.9609640474436812 ];
base_missile_bullet__killBoth.groupId = 6;
base_missile_bullet__killBoth.data = [0.0 0.0 0.0 1.0 0.0 0.0 0.0 0.0 0.0 0.0 0.0 0.0 0.0 0.0 0.0 2.0 0.0 0.0 0.0 0.0 0.0 0.0 0.0 0.0 0.0 0.0 0.0 2.0 1.0 0.0 0.0 0.0 0.0 0.0 1.0 0.0 0.0 0.0 0.0 0.0 0.0 0.0 0.0 0.0 0.0 0.0 0.0 0.0 0.0 0.0 0.0 0.0 0.0 ];
missile.groupId = 7;
missile.data = [0.0 0.0 1.0 1.0 0.0 0.0 0.0 0.0 0.0 0.0 0.0 0.0 0.0 0.0 2.0 2.0 1.0 1.0 1.0 1.0 2.0 2.0 2.0 2.0 2.0 2.0 4.0 4.0 2.0 2.0 2.0 2.0 2.0 2.0 2.0 1.0 0.0 0.0 0.0 0.0 0.0 0.0 0.0 0.0 0.0 0.0 0.0 0.0 0.0 0.0 0.0 0.0 ];
bup_turnleft__transformTo_stype__bleft.groupId = 6;
bup_turnleft__transformTo_stype__bleft.data = [0.0 0.0 0.0 0.0 0.0 0.0 0.0 0.0 0.0 0.0 0.0 0.0 1.0 0.0 0.0 0.0 0.0 0.0 0.0 0.0 0.0 0.0 0.0 0.0 0.0 0.0 0.0 0.0 0.0 0.0 0.0 0.0 0.0 0.0 0.0 0.0 0.0 0.0 0.0 0.0 0.0 0.0 0.0 0.0 0.0 0.0 0.0 0.0 1.0 0.0 0.0 ];
bup.groupId = 7;
bup.data = [0.0 2.0 2.0 2.0 2.0 2.0 2.0 2.0 2.0 2.0 2.0 2.0 2.0 1.0 1.0 1.0 1.0 1.0 1.0 1.0 1.0 1.0 1.0 1.0 1.0 1.0 1.0 1.0 1.0 1.0 1.0 1.0 1.0 1.0 1.0 1.0 1.0 1.0 1.0 1.0 1.0 1.0 1.0 2.0 2.0 2.0 2.0 2.0 2.0 1.0 1.0 1.0 ];
floor.groupId = 7;
floor.data = [0.0 448.0 448.0 448.0 448.0 448.0 448.0 448.0 448.0 448.0 448.0 448.0 448.0 448.0 448.0 448.0 448.0 448.0 448.0 448.0 448.0 448.0 448.0 448.0 448.0 448.0 448.0 448.0 448.0 448.0 448.0 448.0 448.0 448.0 448.0 448.0 448.0 448.0 448.0 448.0 448.0 448.0 448.0 448.0 448.0 448.0 448.0 448.0 448.0 448.0 448.0 448.0 ];
bullet.groupId = 7;
bullet.data = [0.0 0.0 0.0 0.0 0.0 0.0 1.0 1.0 1.0 1.0 1.0 1.0 1.0 1.0 1.0 1.0 0.0 0.0 1.0 1.0 1.0 0.0 0.0 0.0 1.0 1.0 1.0 1.0 1.0 0.0 0.0 0.0 1.0 1.0 0.0 0.0 0.0 0.0 1.0 1.0 1.0 1.0 1.0 1.0 1.0 1.0 1.0 1.0 1.0 1.0 1.0 1.0 ];
bright_turnup__transformTo_stype__bup.groupId = 6;
bright_turnup__transformTo_stype__bup.data = [0.0 0.0 0.0 0.0 0.0 0.0 0.0 0.0 0.0 0.0 0.0 0.0 0.0 0.0 0.0 0.0 0.0 0.0 0.0 0.0 0.0 0.0 0.0 0.0 0.0 0.0 0.0 0.0 0.0 0.0 0.0 0.0 0.0 0.0 0.0 0.0 0.0 0.0 0.0 0.0 0.0 0.0 1.0 0.0 0.0 0.0 0.0 0.0 0.0 0.0 0.0 ];
wall.groupId = 7;
wall.data = [0.0 88.0 88.0 88.0 88.0 88.0 88.0 88.0 88.0 88.0 88.0 88.0 88.0 88.0 88.0 88.0 88.0 88.0 88.0 88.0 88.0 88.0 88.0 88.0 88.0 88.0 88.0 88.0 88.0 88.0 88.0 88.0 88.0 88.0 88.0 88.0 88.0 88.0 88.0 88.0 88.0 88.0 88.0 88.0 88.0 88.0 88.0 88.0 88.0 88.0 88.0 88.0 ];
surround.groupId = 7;
surround.data = [0.0 76.0 76.0 76.0 76.0 76.0 76.0 76.0 76.0 76.0 76.0 76.0 76.0 76.0 76.0 76.0 76.0 76.0 76.0 76.0 76.0 76.0 76.0 76.0 76.0 76.0 76.0 76.0 76.0 76.0 76.0 76.0 76.0 76.0 76.0 76.0 76.0 76.0 76.0 76.0 76.0 76.0 76.0 76.0 76.0 76.0 76.0 76.0 76.0 76.0 76.0 76.0 ];
bleft.groupId = 7;
bleft.data = [0.0 2.0 2.0 2.0 2.0 2.0 2.0 2.0 2.0 2.0 2.0 2.0 2.0 3.0 3.0 3.0 3.0 3.0 3.0 3.0 3.0 3.0 3.0 3.0 3.0 3.0 3.0 3.0 3.0 3.0 3.0 3.0 3.0 3.0 2.0 2.0 2.0 1.0 1.0 1.0 1.0 1.0 1.0 1.0 1.0 1.0 1.0 1.0 1.0 2.0 2.0 2.0 ];
base.groupId = 7;
base.data = [0.0 55.0 55.0 55.0 54.0 54.0 54.0 54.0 54.0 54.0 54.0 54.0 54.0 54.0 54.0 54.0 52.0 52.0 52.0 52.0 52.0 52.0 52.0 52.0 52.0 52.0 52.0 52.0 50.0 49.0 49.0 49.0 49.0 49.0 49.0 48.0 48.0 48.0 48.0 48.0 48.0 48.0 48.0 48.0 48.0 48.0 48.0 48.0 48.0 48.0 48.0 48.0 ];

